<?xml version="1.0" encoding="UTF-8"?>
<testsuite xmlns:xsi="http://www.w3.org/2001/XMLSchema-instance" xsi:noNamespaceSchemaLocation="https://maven.apache.org/surefire/maven-surefire-plugin/xsd/surefire-test-report-3.0.xsd" version="3.0" name="com.prakash.orderservice.OrderServiceApplicationTests" time="7.12" tests="1" errors="0" skipped="0" failures="0">
  <properties>
[...]
</properties>
  <testcase name="contextLoads" classname="com.prakash.orderservice.OrderServiceApplicationTests" time="0.564">
    <system-out><![CDATA[23:59:29.444 [main] INFO org.springframework.test.context.support.AnnotationConfigContextLoaderUtils -- Could not detect default configuration classes for test class [com.prakash.orderservice.OrderServiceApplicationTests]: OrderServiceApplicationTests does not declare any static, non-private, non-final, nested classes annotated with @Configuration.
23:59:29.539 [main] INFO org.springframework.boot.test.context.SpringBootTestContextBootstrapper -- Found @SpringBootConfiguration com.prakash.orderservice.OrderServiceApplication for test class com.prakash.orderservice.OrderServiceApplicationTests

  .   ____          _            __ _ _
 /\\ / ___'_ __ _ _(_)_ __  __ _ \ \ \ \
( ( )\___ | '_ | '_| | '_ \/ _` | \ \ \ \
 \\/  ___)| |_)| | | | | || (_| |  ) ) ) )
  '  |____| .__|_| |_|_| |_\__, | / / / /
 =========|_|==============|___/=/_/_/_/
 :: Spring Boot ::                (v3.1.8)

2024-01-30T23:59:30.000-05:00  INFO 12084 --- [           main] c.p.o.OrderServiceApplicationTests       : Starting OrderServiceApplicationTests using Java 21.0.1 with PID 12084 (started by prakash dangi in C:\Users\prakash dangi\OneDrive - Clark University\Desktop\Spring-project\SpringBoot-MicroService-ProductService\springboot-mircroservice\order-service)
2024-01-30T23:59:30.001-05:00  INFO 12084 --- [           main] c.p.o.OrderServiceApplicationTests       : No active profile set, falling back to 1 default profile: "default"
2024-01-30T23:59:30.742-05:00  INFO 12084 --- [           main] .s.d.r.c.RepositoryConfigurationDelegate : Bootstrapping Spring Data JPA repositories in DEFAULT mode.
2024-01-30T23:59:30.863-05:00  INFO 12084 --- [           main] .s.d.r.c.RepositoryConfigurationDelegate : Finished Spring Data repository scanning in 114 ms. Found 1 JPA repository interface.
2024-01-30T23:59:31.117-05:00  INFO 12084 --- [           main] o.s.cloud.context.scope.GenericScope     : BeanFactory id=d9d4f0f2-f261-35d0-ac20-9cabd3a97921
2024-01-30T23:59:31.252-05:00  INFO 12084 --- [           main] trationDelegate$BeanPostProcessorChecker : Bean 'org.springframework.cloud.client.loadbalancer.reactive.LoadBalancerBeanPostProcessorAutoConfiguration' of type [org.springframework.cloud.client.loadbalancer.reactive.LoadBalancerBeanPostProcessorAutoConfiguration] is not eligible for getting processed by all BeanPostProcessors (for example: not eligible for auto-proxying)
2024-01-30T23:59:31.253-05:00  INFO 12084 --- [           main] trationDelegate$BeanPostProcessorChecker : Bean 'org.springframework.cloud.client.loadbalancer.reactive.LoadBalancerBeanPostProcessorAutoConfiguration$ReactorDeferringLoadBalancerFilterConfig' of type [org.springframework.cloud.client.loadbalancer.reactive.LoadBalancerBeanPostProcessorAutoConfiguration$ReactorDeferringLoadBalancerFilterConfig] is not eligible for getting processed by all BeanPostProcessors (for example: not eligible for auto-proxying)
2024-01-30T23:59:31.255-05:00  INFO 12084 --- [           main] trationDelegate$BeanPostProcessorChecker : Bean 'reactorDeferringLoadBalancerExchangeFilterFunction' of type [org.springframework.cloud.client.loadbalancer.reactive.DeferringLoadBalancerExchangeFilterFunction] is not eligible for getting processed by all BeanPostProcessors (for example: not eligible for auto-proxying)
2024-01-30T23:59:31.377-05:00  INFO 12084 --- [           main] o.hibernate.jpa.internal.util.LogHelper  : HHH000204: Processing PersistenceUnitInfo [name: default]
2024-01-30T23:59:31.441-05:00  INFO 12084 --- [           main] org.hibernate.Version                    : HHH000412: Hibernate ORM core version 6.2.20.Final
2024-01-30T23:59:31.444-05:00  INFO 12084 --- [           main] org.hibernate.cfg.Environment            : HHH000406: Using bytecode reflection optimizer
2024-01-30T23:59:31.742-05:00  INFO 12084 --- [           main] o.s.o.j.p.SpringPersistenceUnitInfo      : No LoadTimeWeaver setup: ignoring JPA class transformer
2024-01-30T23:59:31.767-05:00  INFO 12084 --- [           main] com.zaxxer.hikari.HikariDataSource       : HikariPool-1 - Starting...
2024-01-30T23:59:32.213-05:00  INFO 12084 --- [           main] com.zaxxer.hikari.pool.HikariPool        : HikariPool-1 - Added connection com.mysql.cj.jdbc.ConnectionImpl@43756cb
2024-01-30T23:59:32.215-05:00  INFO 12084 --- [           main] com.zaxxer.hikari.HikariDataSource       : HikariPool-1 - Start completed.
2024-01-30T23:59:32.280-05:00  WARN 12084 --- [           main] org.hibernate.orm.deprecation            : HHH90000025: MySQL8Dialect does not need to be specified explicitly using 'hibernate.dialect' (remove the property setting and it will be selected by default)
2024-01-30T23:59:32.280-05:00  WARN 12084 --- [           main] org.hibernate.orm.deprecation            : HHH90000026: MySQL8Dialect has been deprecated; use org.hibernate.dialect.MySQLDialect instead
2024-01-30T23:59:33.181-05:00  INFO 12084 --- [           main] o.h.e.t.j.p.i.JtaPlatformInitiator       : HHH000489: No JTA platform available (set 'hibernate.transaction.jta.platform' to enable JTA platform integration)
2024-01-30T23:59:33.342-05:00  INFO 12084 --- [           main] j.LocalContainerEntityManagerFactoryBean : Initialized JPA EntityManagerFactory for persistence unit 'default'
2024-01-30T23:59:34.004-05:00  WARN 12084 --- [           main] JpaBaseConfiguration$JpaWebConfiguration : spring.jpa.open-in-view is enabled by default. Therefore, database queries may be performed during view rendering. Explicitly configure spring.jpa.open-in-view to disable this warning
2024-01-30T23:59:35.171-05:00  INFO 12084 --- [           main] DiscoveryClientOptionalArgsConfiguration : Eureka HTTP Client uses RestTemplate.
2024-01-30T23:59:35.244-05:00  WARN 12084 --- [           main] iguration$LoadBalancerCaffeineWarnLogger : Spring Cloud LoadBalancer is currently working with the default cache. While this cache implementation is useful for development and tests, it's recommended to use Caffeine cache in production.You can switch to using Caffeine cache, by adding it and org.springframework.cache.caffeine.CaffeineCacheManager to the classpath.
2024-01-30T23:59:35.261-05:00  INFO 12084 --- [           main] o.s.c.n.eureka.InstanceInfoFactory       : Setting initial instance status as: STARTING
2024-01-30T23:59:35.389-05:00  INFO 12084 --- [           main] com.netflix.discovery.DiscoveryClient    : Initializing Eureka in region us-east-1
2024-01-30T23:59:35.394-05:00  INFO 12084 --- [           main] c.n.d.s.r.aws.ConfigClusterResolver      : Resolving eureka endpoints via configuration
2024-01-30T23:59:35.414-05:00  INFO 12084 --- [           main] com.netflix.discovery.DiscoveryClient    : Disable delta property : false
2024-01-30T23:59:35.415-05:00  INFO 12084 --- [           main] com.netflix.discovery.DiscoveryClient    : Single vip registry refresh property : null
2024-01-30T23:59:35.415-05:00  INFO 12084 --- [           main] com.netflix.discovery.DiscoveryClient    : Force full registry fetch : false
2024-01-30T23:59:35.415-05:00  INFO 12084 --- [           main] com.netflix.discovery.DiscoveryClient    : Application is null : false
2024-01-30T23:59:35.415-05:00  INFO 12084 --- [           main] com.netflix.discovery.DiscoveryClient    : Registered Applications size is zero : true
2024-01-30T23:59:35.415-05:00  INFO 12084 --- [           main] com.netflix.discovery.DiscoveryClient    : Application version is -1: true
2024-01-30T23:59:35.415-05:00  INFO 12084 --- [           main] com.netflix.discovery.DiscoveryClient    : Getting all instance registry info from the eureka server
2024-01-30T23:59:35.802-05:00  INFO 12084 --- [           main] com.netflix.discovery.DiscoveryClient    : The response status is 200
2024-01-30T23:59:35.804-05:00  INFO 12084 --- [           main] com.netflix.discovery.DiscoveryClient    : Starting heartbeat executor: renew interval is: 30
2024-01-30T23:59:35.806-05:00  INFO 12084 --- [           main] c.n.discovery.InstanceInfoReplicator     : InstanceInfoReplicator onDemand update allowed rate per min is 4
2024-01-30T23:59:35.810-05:00  INFO 12084 --- [           main] com.netflix.discovery.DiscoveryClient    : Discovery Client initialized at timestamp 1706677175809 with initial instances count: 0
2024-01-30T23:59:35.813-05:00  INFO 12084 --- [           main] o.s.c.n.e.s.EurekaServiceRegistry        : Registering application UNKNOWN with eureka with status UP
2024-01-30T23:59:35.814-05:00  INFO 12084 --- [           main] com.netflix.discovery.DiscoveryClient    : Saw local status change event StatusChangeEvent [timestamp=1706677175814, current=UP, previous=STARTING]
2024-01-30T23:59:35.815-05:00  INFO 12084 --- [nfoReplicator-0] com.netflix.discovery.DiscoveryClient    : DiscoveryClient_UNKNOWN/LAPTOP-V80T9V7C.mynetworksettings.com:9090: registering service...
2024-01-30T23:59:35.824-05:00  INFO 12084 --- [           main] c.p.o.OrderServiceApplicationTests       : Started OrderServiceApplicationTests in 6.125 seconds (process running for 7.07)
2024-01-30T23:59:35.911-05:00  INFO 12084 --- [nfoReplicator-0] com.netflix.discovery.DiscoveryClient    : DiscoveryClient_UNKNOWN/LAPTOP-V80T9V7C.mynetworksettings.com:9090 - registration status: 204
]]></system-out>
    <system-err><![CDATA[WARNING: A Java agent has been loaded dynamically (C:\Users\prakash dangi\.m2\repository\net\bytebuddy\byte-buddy-agent\1.14.11\byte-buddy-agent-1.14.11.jar)
WARNING: If a serviceability tool is in use, please run with -XX:+EnableDynamicAgentLoading to hide this warning
WARNING: If a serviceability tool is not in use, please run with -Djdk.instrument.traceUsage for more information
WARNING: Dynamic loading of agents will be disallowed by default in a future release
]]></system-err>
  </testcase>
</testsuite>