<?xml version="1.0" encoding="UTF-8"?>
<testsuite xmlns:xsi="http://www.w3.org/2001/XMLSchema-instance" xsi:noNamespaceSchemaLocation="https://maven.apache.org/surefire/maven-surefire-plugin/xsd/surefire-test-report-3.0.xsd" version="3.0" name="com.prakash.inventoryService.InventoryServiceApplicationTests" time="6.825" tests="1" errors="0" skipped="0" failures="0">
  <properties>
[...]
</properties>
  <testcase name="contextLoads" classname="com.prakash.inventoryService.InventoryServiceApplicationTests" time="0.518">
    <system-out><![CDATA[23:59:42.977 [main] INFO org.springframework.test.context.support.AnnotationConfigContextLoaderUtils -- Could not detect default configuration classes for test class [com.prakash.inventoryService.InventoryServiceApplicationTests]: InventoryServiceApplicationTests does not declare any static, non-private, non-final, nested classes annotated with @Configuration.
23:59:43.060 [main] INFO org.springframework.boot.test.context.SpringBootTestContextBootstrapper -- Found @SpringBootConfiguration com.prakash.inventoryService.InventoryServiceApplication for test class com.prakash.inventoryService.InventoryServiceApplicationTests

  .   ____          _            __ _ _
 /\\ / ___'_ __ _ _(_)_ __  __ _ \ \ \ \
( ( )\___ | '_ | '_| | '_ \/ _` | \ \ \ \
 \\/  ___)| |_)| | | | | || (_| |  ) ) ) )
  '  |____| .__|_| |_|_| |_\__, | / / / /
 =========|_|==============|___/=/_/_/_/
 :: Spring Boot ::                (v3.1.8)

2024-01-30T23:59:43.448-05:00  INFO 9448 --- [           main] c.p.i.InventoryServiceApplicationTests   : Starting InventoryServiceApplicationTests using Java 21.0.1 with PID 9448 (started by prakash dangi in C:\Users\prakash dangi\OneDrive - Clark University\Desktop\Spring-project\SpringBoot-MicroService-ProductService\springboot-mircroservice\inventory-service)
2024-01-30T23:59:43.450-05:00  INFO 9448 --- [           main] c.p.i.InventoryServiceApplicationTests   : No active profile set, falling back to 1 default profile: "default"
2024-01-30T23:59:44.395-05:00  INFO 9448 --- [           main] .s.d.r.c.RepositoryConfigurationDelegate : Bootstrapping Spring Data JPA repositories in DEFAULT mode.
2024-01-30T23:59:44.513-05:00  INFO 9448 --- [           main] .s.d.r.c.RepositoryConfigurationDelegate : Finished Spring Data repository scanning in 112 ms. Found 1 JPA repository interface.
2024-01-30T23:59:44.759-05:00  INFO 9448 --- [           main] o.s.cloud.context.scope.GenericScope     : BeanFactory id=0a191d48-bac0-304e-8655-dce42c8b6e0b
2024-01-30T23:59:45.058-05:00  INFO 9448 --- [           main] o.hibernate.jpa.internal.util.LogHelper  : HHH000204: Processing PersistenceUnitInfo [name: default]
2024-01-30T23:59:45.113-05:00  INFO 9448 --- [           main] org.hibernate.Version                    : HHH000412: Hibernate ORM core version 6.2.20.Final
2024-01-30T23:59:45.115-05:00  INFO 9448 --- [           main] org.hibernate.cfg.Environment            : HHH000406: Using bytecode reflection optimizer
2024-01-30T23:59:45.404-05:00  INFO 9448 --- [           main] o.s.o.j.p.SpringPersistenceUnitInfo      : No LoadTimeWeaver setup: ignoring JPA class transformer
2024-01-30T23:59:45.428-05:00  INFO 9448 --- [           main] com.zaxxer.hikari.HikariDataSource       : HikariPool-1 - Starting...
2024-01-30T23:59:45.796-05:00  INFO 9448 --- [           main] com.zaxxer.hikari.pool.HikariPool        : HikariPool-1 - Added connection com.mysql.cj.jdbc.ConnectionImpl@18d22ecf
2024-01-30T23:59:45.799-05:00  INFO 9448 --- [           main] com.zaxxer.hikari.HikariDataSource       : HikariPool-1 - Start completed.
2024-01-30T23:59:45.838-05:00  WARN 9448 --- [           main] org.hibernate.orm.deprecation            : HHH90000025: MySQL8Dialect does not need to be specified explicitly using 'hibernate.dialect' (remove the property setting and it will be selected by default)
2024-01-30T23:59:45.839-05:00  WARN 9448 --- [           main] org.hibernate.orm.deprecation            : HHH90000026: MySQL8Dialect has been deprecated; use org.hibernate.dialect.MySQLDialect instead
2024-01-30T23:59:46.560-05:00  INFO 9448 --- [           main] o.h.e.t.j.p.i.JtaPlatformInitiator       : HHH000489: No JTA platform available (set 'hibernate.transaction.jta.platform' to enable JTA platform integration)
2024-01-30T23:59:46.605-05:00  INFO 9448 --- [           main] j.LocalContainerEntityManagerFactoryBean : Initialized JPA EntityManagerFactory for persistence unit 'default'
2024-01-30T23:59:47.136-05:00  WARN 9448 --- [           main] JpaBaseConfiguration$JpaWebConfiguration : spring.jpa.open-in-view is enabled by default. Therefore, database queries may be performed during view rendering. Explicitly configure spring.jpa.open-in-view to disable this warning
2024-01-30T23:59:48.561-05:00  INFO 9448 --- [           main] DiscoveryClientOptionalArgsConfiguration : Eureka HTTP Client uses RestTemplate.
2024-01-30T23:59:48.600-05:00  WARN 9448 --- [           main] iguration$LoadBalancerCaffeineWarnLogger : Spring Cloud LoadBalancer is currently working with the default cache. While this cache implementation is useful for development and tests, it's recommended to use Caffeine cache in production.You can switch to using Caffeine cache, by adding it and org.springframework.cache.caffeine.CaffeineCacheManager to the classpath.
2024-01-30T23:59:48.610-05:00  INFO 9448 --- [           main] o.s.b.a.e.web.EndpointLinksResolver      : Exposing 1 endpoint(s) beneath base path '/actuator'
2024-01-30T23:59:48.671-05:00  INFO 9448 --- [           main] o.s.c.n.eureka.InstanceInfoFactory       : Setting initial instance status as: STARTING
2024-01-30T23:59:48.784-05:00  INFO 9448 --- [           main] com.netflix.discovery.DiscoveryClient    : Initializing Eureka in region us-east-1
2024-01-30T23:59:48.788-05:00  INFO 9448 --- [           main] c.n.d.s.r.aws.ConfigClusterResolver      : Resolving eureka endpoints via configuration
2024-01-30T23:59:48.809-05:00  INFO 9448 --- [           main] com.netflix.discovery.DiscoveryClient    : Disable delta property : false
2024-01-30T23:59:48.809-05:00  INFO 9448 --- [           main] com.netflix.discovery.DiscoveryClient    : Single vip registry refresh property : null
2024-01-30T23:59:48.809-05:00  INFO 9448 --- [           main] com.netflix.discovery.DiscoveryClient    : Force full registry fetch : false
2024-01-30T23:59:48.809-05:00  INFO 9448 --- [           main] com.netflix.discovery.DiscoveryClient    : Application is null : false
2024-01-30T23:59:48.809-05:00  INFO 9448 --- [           main] com.netflix.discovery.DiscoveryClient    : Registered Applications size is zero : true
2024-01-30T23:59:48.809-05:00  INFO 9448 --- [           main] com.netflix.discovery.DiscoveryClient    : Application version is -1: true
2024-01-30T23:59:48.809-05:00  INFO 9448 --- [           main] com.netflix.discovery.DiscoveryClient    : Getting all instance registry info from the eureka server
2024-01-30T23:59:49.078-05:00  INFO 9448 --- [           main] com.netflix.discovery.DiscoveryClient    : The response status is 200
2024-01-30T23:59:49.080-05:00  INFO 9448 --- [           main] com.netflix.discovery.DiscoveryClient    : Starting heartbeat executor: renew interval is: 30
2024-01-30T23:59:49.082-05:00  INFO 9448 --- [           main] c.n.discovery.InstanceInfoReplicator     : InstanceInfoReplicator onDemand update allowed rate per min is 4
2024-01-30T23:59:49.089-05:00  INFO 9448 --- [           main] com.netflix.discovery.DiscoveryClient    : Discovery Client initialized at timestamp 1706677189088 with initial instances count: 0
2024-01-30T23:59:49.093-05:00  INFO 9448 --- [           main] o.s.c.n.e.s.EurekaServiceRegistry        : Registering application UNKNOWN with eureka with status UP
2024-01-30T23:59:49.093-05:00  INFO 9448 --- [           main] com.netflix.discovery.DiscoveryClient    : Saw local status change event StatusChangeEvent [timestamp=1706677189093, current=UP, previous=STARTING]
2024-01-30T23:59:49.095-05:00  INFO 9448 --- [nfoReplicator-0] com.netflix.discovery.DiscoveryClient    : DiscoveryClient_UNKNOWN/LAPTOP-V80T9V7C.mynetworksettings.com:1010: registering service...
2024-01-30T23:59:49.114-05:00  INFO 9448 --- [           main] c.p.i.InventoryServiceApplicationTests   : Started InventoryServiceApplicationTests in 5.93 seconds (process running for 6.789)
2024-01-30T23:59:49.139-05:00  INFO 9448 --- [nfoReplicator-0] com.netflix.discovery.DiscoveryClient    : DiscoveryClient_UNKNOWN/LAPTOP-V80T9V7C.mynetworksettings.com:1010 - registration status: 204
]]></system-out>
    <system-err><![CDATA[WARNING: A Java agent has been loaded dynamically (C:\Users\prakash dangi\.m2\repository\net\bytebuddy\byte-buddy-agent\1.14.11\byte-buddy-agent-1.14.11.jar)
WARNING: If a serviceability tool is in use, please run with -XX:+EnableDynamicAgentLoading to hide this warning
WARNING: If a serviceability tool is not in use, please run with -Djdk.instrument.traceUsage for more information
WARNING: Dynamic loading of agents will be disallowed by default in a future release
]]></system-err>
  </testcase>
</testsuite>